
> clawdevs-panel-frontend@0.1.0 cy:run:chat C:\Users\Administrator\Workspace\lukeware\clawdevs-ai\control-panel\frontend
> cypress run --spec cypress/e2e/chat.cy.ts


Warning: The allowCypressEnv configuration option is enabled. This allows any browser code to read values from Cypress.env(). This is insecure and will be removed in a future major version.

1. Replace Cypress.env() calls with cy.env() (for sensitive values) or Cypress.expose() (for public configuration)
2. Set allowCypressEnv: false in your Cypress configuration to disable Cypress.env()

Learn more: https://on.cypress.io/cypress-env-migration


====================================================================================================

  (Run Starting)

  ┌────────────────────────────────────────────────────────────────────────────────────────────────┐
  │ Cypress:        15.13.0                                                                        │
  │ Browser:        Electron 138 (headless)                                                        │
  │ Node Version:   v22.21.1 (C:\nvm4w\nodejs\node.exe)                                            │
  │ Specs:          1 found (chat.cy.ts)                                                           │
  │ Searched:       C:\Users\Administrator\Workspace\lukeware\clawdevs-ai\control-panel\frontend\c │
  │                 ypress\e2e\chat.cy.ts                                                          │
  │ Experiments:    experimentalRunAllSpecs=true                                                   │
  └────────────────────────────────────────────────────────────────────────────────────────────────┘


────────────────────────────────────────────────────────────────────────────────────────────────────
                                                                                                    
  Running:  chat.cy.ts                                                                      (1 of 1)


  Chat page
    √ loads and displays agent info, history, and composer (971ms)
    √ shows empty state when history has no messages (514ms)
    agent selector
      √ opens dropdown and switches agent (705ms)
      √ filters agents by typing in the input (1116ms)
    send message
      √ sends a message via button click and displays streamed response (6653ms)
      √ sends a message via Enter key (3215ms)
      √ does not send empty messages (683ms)
      √ disables send button while streaming (5076ms)
      √ handles stream error gracefully (3101ms)
    copy message
      √ copies user message to clipboard (863ms)
    download assistant message
      √ shows download button on assistant messages with document content (742ms)
    export chat
      √ export button is enabled when there are messages (461ms)
      √ export button is disabled when there are no messages (489ms)
    refresh history
      √ refetches history when the button is clicked (591ms)
    session from URL
      √ loads chat with a valid session param (737ms)
      (Attempt 1 of 3) shows error for invalid session param format
      (Attempt 2 of 3) shows error for invalid session param format
      1) shows error for invalid session param format
    session selector
      √ shows session dropdown for selected agent (2229ms)
    stream timer
      √ shows last response time after stream completes (4348ms)


  17 passing (51s)
  1 failing

  1) Chat page
       session from URL
         shows error for invalid session param format:
     AssertionError: Timed out retrying after 4000ms: Expected to find content: 'Session inválida' but never did.
      at Context.eval (webpack://clawdevs-panel-frontend/./cypress/e2e/chat.cy.ts:333:38)




  (Results)

  ┌────────────────────────────────────────────────────────────────────────────────────────────────┐
  │ Tests:        18                                                                               │
  │ Passing:      17                                                                               │
  │ Failing:      1                                                                                │
  │ Pending:      0                                                                                │
  │ Skipped:      0                                                                                │
  │ Screenshots:  3                                                                                │
  │ Video:        false                                                                            │
  │ Duration:     51 seconds                                                                       │
  │ Spec Ran:     chat.cy.ts                                                                       │
  └────────────────────────────────────────────────────────────────────────────────────────────────┘


  (Screenshots)

  -  C:\Users\Administrator\Workspace\lukeware\clawdevs-ai\control-panel\frontend\cyp     (1280x720)
     ress\screenshots\chat.cy.ts\Chat page -- session from URL -- shows error for inv               
     alid session param format (failed).png                                                         
  -  C:\Users\Administrator\Workspace\lukeware\clawdevs-ai\control-panel\frontend\cyp     (1280x720)
     ress\screenshots\chat.cy.ts\Chat page -- session from URL -- shows error for inv               
     alid session param format (failed) (attempt 2).png                                             
  -  C:\Users\Administrator\Workspace\lukeware\clawdevs-ai\control-panel\frontend\cyp     (1280x720)
     ress\screenshots\chat.cy.ts\Chat page -- session from URL -- shows error for inv               
     alid session param format (failed) (attempt 3).png                                             


====================================================================================================

  (Run Finished)


       Spec                                              Tests  Passing  Failing  Pending  Skipped  
  ┌────────────────────────────────────────────────────────────────────────────────────────────────┐
  │ ×  chat.cy.ts                               00:51       18       17        1        -        - │
  └────────────────────────────────────────────────────────────────────────────────────────────────┘
    ×  1 of 1 failed (100%)                     00:51       18       17        1        -        -  

 ELIFECYCLE  Command failed with exit code 1.
